SF:lib\core\error\failures.dart
DA:4,0
DA:5,0
LF:2
LH:0
end_of_record
SF:lib\core\usecases\usecase.dart
DA:11,1
DA:12,1
LF:2
LH:2
end_of_record
SF:lib\core\util\input_converter.dart
DA:5,0
DA:7,0
DA:8,0
DA:9,0
DA:10,0
DA:11,0
LF:6
LH:0
end_of_record
SF:lib\features\number_trivia\domain\entities\number_trivia.dart
DA:7,1
DA:12,1
DA:13,3
LF:3
LH:3
end_of_record
SF:lib\features\number_trivia\domain\usecases\get_concrete_number_trivia.dart
DA:12,0
DA:15,0
DA:16,0
DA:23,1
DA:25,0
DA:26,0
LF:6
LH:1
end_of_record
SF:lib\features\number_trivia\domain\usecases\get_random_number_trivia.dart
DA:11,0
DA:14,0
DA:15,0
LF:3
LH:0
end_of_record
SF:lib\features\number_trivia\presentation\bloc\number_trivia_bloc.dart
DA:24,1
DA:30,2
DA:32,2
DA:36,1
DA:39,1
DA:40,2
DA:43,3
DA:45,2
DA:46,1
DA:47,2
DA:49,1
DA:50,2
DA:52,4
DA:53,2
DA:56,1
DA:57,2
DA:58,2
DA:59,4
DA:60,2
DA:64,1
DA:67,2
DA:68,3
DA:69,2
DA:73,1
DA:74,1
DA:75,1
DA:77,1
LF:27
LH:27
end_of_record
SF:lib\features\number_trivia\presentation\bloc\number_trivia_event.dart
DA:6,0
DA:7,0
DA:13,1
DA:15,0
DA:16,0
LF:5
LH:1
end_of_record
SF:lib\features\number_trivia\presentation\bloc\number_trivia_state.dart
DA:7,1
DA:8,1
DA:18,1
DA:20,1
DA:21,2
DA:27,1
DA:29,1
DA:30,2
LF:8
LH:8
end_of_record
SF:lib\core\network\network_info.dart
DA:10,0
DA:12,0
DA:13,0
LF:3
LH:0
end_of_record
SF:lib\features\number_trivia\data\datasources\number_trivia_local_data_source.dart
DA:23,0
DA:25,0
DA:27,0
DA:29,0
DA:31,0
DA:35,0
DA:37,0
DA:39,0
LF:8
LH:0
end_of_record
SF:lib\features\number_trivia\data\models\number_trivia_model.dart
DA:4,0
DA:7,0
DA:9,0
DA:10,0
DA:11,0
DA:12,0
DA:16,0
DA:17,0
DA:18,0
DA:19,0
LF:10
LH:0
end_of_record
SF:lib\features\number_trivia\data\datasources\number_trivia_remote_data_source.dart
DA:23,0
DA:25,0
DA:27,0
DA:29,0
DA:31,0
DA:33,0
DA:34,0
DA:35,0
DA:36,0
DA:41,0
DA:42,0
DA:44,0
LF:12
LH:0
end_of_record
SF:lib\features\number_trivia\data\repositories\number_trivia_repository_impl.dart
DA:19,0
DA:26,0
DA:29,0
DA:30,0
DA:35,0
DA:36,0
DA:37,0
DA:41,0
DA:44,0
DA:46,0
DA:48,0
DA:49,0
DA:50,0
DA:51,0
DA:55,0
DA:56,0
DA:57,0
DA:58,0
LF:18
LH:0
end_of_record
